08:50:42 - Le fichier C:\Users\pasun\Documents\TestTrois.mvccd a été ouvert.
09:02:19 - Le projet TestTrois a été ouvert à partir du fichier C:\Users\pasun\Documents\TestTrois.mvccd.
09:11:15 - Le projet TestTrois a été ouvert à partir du fichier C:\Users\pasun\Documents\TestTrois.mvccd.
09:11:48 - Le projet TestTrois a été ouvert à partir du fichier {1}.
09:12:38 - Le projet TestTrois a été ouvert à partir du fichier C:\Users\pasun\Documents\TestTrois.mvccd.
09:12:50 - Le projet TestTrois a été fermé.
09:16:38 - Le projet TestTrois a été ouvert à partir du fichier C:\Users\pasun\Documents\TestTrois.mvccd.
Le projet TestTrois a été ouvert à partir du fichier C:\Users\pasun\Documents\TestTrois.mvccd.
11:45:48 - Le projet TestTrois a été ouvert à partir du fichier C:\Users\pasun\Documents\TestTrois.mvccd.
11:49:10 - Le projet TestTrois a été fermé.
 ---------------------------------------11:51:44 - Le projet TestTrois a été ouvert à partir du fichier C:\Users\pasun\Documents\TestTrois.mvccd.
 ---------------------------------------
11:53:46 - Le projet TestTrois a été ouvert à partir du fichier C:\Users\pasun\Documents\TestTrois.mvccd.
============================================================
12:02:52 - MVCCD a été ouvert.
============================================================
12:02:52 - Le projet TestTrois a été ouvert à partir du fichier C:\Users\pasun\Documents\TestTrois.mvccd.
============================================================
12:49:41 - MVCCD a été ouvert.
============================================================
12:49:41 - Le projet TestTrois a été ouvert à partir du fichier C:\Users\pasun\Documents\TestTrois.mvccd.
============================================================
12:50:07 - Le projet TestTrois a été fermé.
============================================================
13:30:58 - MVCCD a été ouvert.
============================================================
13:30:58 - Le projet TestTrois a été ouvert à partir du fichier C:\Users\pasun\Documents\TestTrois.mvccd.
============================================================
13:31:09 - Le projet TestTrois a été fermé.
============================================================
13:31:19 - MVCCD a été fermé.
============================================================
13:33:03 - MVCCD a été ouvert.
============================================================
13:33:03 - Le projet TestTrois a été ouvert à partir du fichier C:\Users\pasun\Documents\TestTrois.mvccd.
============================================================
13:41:15 - MVCCD a été ouvert.
============================================================
13:41:15 - Le projet TestTrois a été ouvert à partir du fichier C:\Users\pasun\Documents\TestTrois.mvccd.
============================================================
13:41:33 - Le projet TestTrois a été fermé.
============================================================
13:41:48 - Le projet TestNew a été créé.
