============================================================
08:25:06 - MVCCD a été ouvert.
============================================================
08:25:06 - Le projet TestTrois a été ouvert à partir du fichier C:\Users\pasun\Documents\TestTrois.mvccd.
============================================================
08:25:34 - La transformation du modèle conceptuel MCD en modèle logique a été démarrée.
L'association Art -> par ... livre <- Four de degrée n:n sans entité associative adossée doit avoir un nom.
L'association Art -> par ... livre <- Four de degrée n:n sans entité associative adossée doit avoir un nom court.
La transformation du modèle conceptuel MCD est annulée.
Le modèle MCD n'a pas pu être transformé.
============================================================
08:30:24 - MVCCD a été ouvert.
============================================================
08:30:25 - Le projet TestTrois a été ouvert à partir du fichier C:\Users\pasun\Documents\TestTrois.mvccd.
============================================================
08:30:38 - La transformation du modèle conceptuel MCD en modèle logique a été démarrée.
L'association Art -> par ... livre <- Four de degrée n:n sans entité associative adossée doit avoir un nom.
L'association Art -> par ... livre <- Four de degrée n:n sans entité associative adossée doit avoir un nom court.
Le modèle conceptuel MCD n'est pas conforme.
Le modèle MCD n'a pas pu être transformé.
============================================================
08:33:35 - MVCCD a été ouvert.
============================================================
08:33:35 - Le projet TestTrois a été ouvert à partir du fichier C:\Users\pasun\Documents\TestTrois.mvccd.
============================================================
08:33:56 - La transformation du modèle conceptuel MCD en modèle logique a été démarrée.
Le contrôle de complétude du modèle conceptuel MCD a été démarré.
L'association Art -> par ... livre <- Four de degrée n:n sans entité associative adossée doit avoir un nom.
L'association Art -> par ... livre <- Four de degrée n:n sans entité associative adossée doit avoir un nom court.
Le modèle conceptuel MCD n'est pas conforme.
Le modèle MCD n'a pas pu être transformé.
============================================================
08:34:20 - Le contrôle de complétude du modèle conceptuel MCD a été démarré.
L'association Art -> par ... livre <- Four de degrée n:n sans entité associative adossée doit avoir un nom.
L'association Art -> par ... livre <- Four de degrée n:n sans entité associative adossée doit avoir un nom court.
Le modèle MCD n'est pas conforme.
============================================================
10:26:57 - MVCCD a été ouvert.
============================================================
10:26:58 - Le projet TestTrois a été ouvert à partir du fichier C:\Users\pasun\Documents\TestTrois.mvccd.
============================================================
10:27:23 - La transformation du modèle conceptuel MCD en modèle logique a été démarrée.
Le contrôle de complétude du modèle conceptuel MCD a été démarré.
L'association Art -> par ... livre <- Four de degrée n:n sans entité associative adossée doit avoir un nom.
L'association Art -> par ... livre <- Four de degrée n:n sans entité associative adossée doit avoir un nom court.
Le modèle conceptuel MCD n'est pas conforme.
Le modèle MCD n'a pas pu être transformé.
============================================================
10:39:43 - Le projet TestTrois a été fermé.
============================================================
10:39:48 - Le projet TestTrois a été ouvert à partir du fichier C:\Users\pasun\Documents\TestTrois.mvccd.
============================================================
10:41:03 - Le projet TestTrois a été enregistré comme fichier : C:\Users\pasun\Documents\TestTrois.mvccd.
============================================================
10:41:25 - L'entité Vente.Client est potentiellement indépendante mais, il lui manque un identifiant naturel ou artificiel.
Le paquetage Vente n'est pas conforme.
============================================================
11:32:43 - MVCCD a été ouvert.
============================================================
11:32:43 - Le projet TestTrois a été ouvert à partir du fichier C:\Users\pasun\Documents\TestTrois.mvccd.
============================================================
11:32:53 - La transformation du modèle conceptuel MCD en modèle logique a été démarrée.
Le contrôle de complétude a été démarré pour : MCD {1}.
L'entité Vente.Client est potentiellement indépendante mais, il lui manque un identifiant naturel ou artificiel.
L'association Art -> par ... livre <- Four de degrée n:n sans entité associative adossée doit avoir un nom.
L'association Art -> par ... livre <- Four de degrée n:n sans entité associative adossée doit avoir un nom court.
Le modèle conceptuel MCD n'est pas conforme.
Le modèle MCD n'a pas pu être transformé.
============================================================
11:37:58 - MVCCD a été ouvert.
============================================================
11:37:58 - Le projet TestTrois a été ouvert à partir du fichier C:\Users\pasun\Documents\TestTrois.mvccd.
============================================================
11:38:06 - La transformation du modèle conceptuel MCD en modèle logique a été démarrée.
Le contrôle de complétude a été démarré pour : MCD {1}.
L'entité Vente.Client est potentiellement indépendante mais, il lui manque un identifiant naturel ou artificiel.
L'association Art -> par ... livre <- Four de degrée n:n sans entité associative adossée doit avoir un nom.
L'association Art -> par ... livre <- Four de degrée n:n sans entité associative adossée doit avoir un nom court.
Le modèle conceptuel MCD n'est pas conforme.
Le modèle MCD n'a pas pu être transformé.
============================================================
11:42:52 - MVCCD a été ouvert.
============================================================
11:42:52 - Le projet TestTrois a été ouvert à partir du fichier C:\Users\pasun\Documents\TestTrois.mvccd.
============================================================
11:43:01 - La transformation du modèle conceptuel MCD en modèle logique a été démarrée.
Le contrôle de complétude a été démarré pour : MCD {1}.
L'entité Vente.Client est potentiellement indépendante mais, il lui manque un identifiant naturel ou artificiel.
L'association Art -> par ... livre <- Four de degrée n:n sans entité associative adossée doit avoir un nom.
L'association Art -> par ... livre <- Four de degrée n:n sans entité associative adossée doit avoir un nom court.
Le modèle conceptuel MCD n'est pas conforme.
Le modèle MCD n'a pas pu être transformé.
============================================================
11:44:13 - MVCCD a été ouvert.
============================================================
11:44:14 - Le projet TestTrois a été ouvert à partir du fichier C:\Users\pasun\Documents\TestTrois.mvccd.
============================================================
11:44:32 - Le contrôle de complétude a été démarré pour : the.container.models MCD.
L'entité Vente.Client est potentiellement indépendante mais, il lui manque un identifiant naturel ou artificiel.
L'association Art -> par ... livre <- Four de degrée n:n sans entité associative adossée doit avoir un nom.
L'association Art -> par ... livre <- Four de degrée n:n sans entité associative adossée doit avoir un nom court.
Le modèle MCD n'est pas conforme.
============================================================
11:46:22 - MVCCD a été ouvert.
============================================================
11:46:23 - Le projet TestTrois a été ouvert à partir du fichier C:\Users\pasun\Documents\TestTrois.mvccd.
============================================================
11:46:33 - Le contrôle de complétude a été démarré pour : Le modèle MCD.
L'entité Vente.Client est potentiellement indépendante mais, il lui manque un identifiant naturel ou artificiel.
L'association Art -> par ... livre <- Four de degrée n:n sans entité associative adossée doit avoir un nom.
L'association Art -> par ... livre <- Four de degrée n:n sans entité associative adossée doit avoir un nom court.
Le modèle MCD n'est pas conforme.
============================================================
11:54:45 - MVCCD a été ouvert.
============================================================
11:54:45 - Le projet TestTrois a été ouvert à partir du fichier C:\Users\pasun\Documents\TestTrois.mvccd.
============================================================
11:54:52 - La transformation en modèle logique a été démarrée pour : Le modèle MCD.
Le contrôle de complétude a été démarré pour : Le modèle MCD.
L'entité Vente.Client est potentiellement indépendante mais, il lui manque un identifiant naturel ou artificiel.
L'association Art -> par ... livre <- Four de degrée n:n sans entité associative adossée doit avoir un nom.
L'association Art -> par ... livre <- Four de degrée n:n sans entité associative adossée doit avoir un nom court.
Le modèle MCD n'est pas conforme.
Le modèle MCD n'a pas pu être transformé.
============================================================
11:57:27 - Le contrôle de complétude a été démarré pour : Le paquetage Vente.
L'entité Vente.Client est potentiellement indépendante mais, il lui manque un identifiant naturel ou artificiel.
Le paquetage Vente n'est pas conforme.
============================================================
13:55:19 - MVCCD a été ouvert.
============================================================
13:55:19 - Le projet TestTrois a été ouvert à partir du fichier C:\Users\pasun\Documents\TestTrois.mvccd.
============================================================
13:55:30 - Le contrôle de complétude a été démarré pour : L'entité Client.
L'entité Vente.Client est potentiellement indépendante mais, il lui manque un identifiant naturel ou artificiel.
L'entité Vente.Client n'est pas conforme.
============================================================
13:56:31 - Le contrôle de complétude a été démarré pour : L'entité Article.
L'association Art -> par ... livre <- Four de degrée n:n sans entité associative adossée doit avoir un nom.
L'association Art -> par ... livre <- Four de degrée n:n sans entité associative adossée doit avoir un nom court.
L'entité Article n'est pas conforme.
============================================================
13:57:16 - Le contrôle de complétude a été démarré pour : L'entité Client.
L'entité Vente.Client est conforme.
============================================================
14:34:52 - MVCCD a été ouvert.
============================================================
14:34:53 - Le projet TestTrois a été ouvert à partir du fichier C:\Users\pasun\Documents\TestTrois.mvccd.
============================================================
14:42:30 - MVCCD a été ouvert.
============================================================
14:42:30 - Le projet TestTrois a été ouvert à partir du fichier C:\Users\pasun\Documents\TestTrois.mvccd.
============================================================
14:42:43 - La transformation en modèle physique mpdr.db.oracle a été démarrée pour : Le modèle logique MLDR_DT.
Le modèle logique MLDR_DT a été transformé.
============================================================
14:44:12 - MVCCD a été ouvert.
============================================================
14:44:12 - Le projet TestTrois a été ouvert à partir du fichier C:\Users\pasun\Documents\TestTrois.mvccd.
============================================================
14:44:19 - La transformation en modèle physique Oracle a été démarrée pour : Le modèle logique MLDR_DT.
Le modèle logique MLDR_DT a été transformé.
============================================================
15:04:15 - MVCCD a été ouvert.
============================================================
15:04:15 - Le projet TestTrois a été ouvert à partir du fichier C:\Users\pasun\Documents\TestTrois.mvccd.
============================================================
15:09:25 - Le projet TestTrois a été fermé.
============================================================
15:10:20 - Le projet CommerceBase a été ouvert à partir du fichier C:\Users\pasun\Documents\CommerceBase_erreursUK.xml.
============================================================
15:10:34 - Le contrôle de complétude a été démarré pour : Le modèle MCD.
L'association Cli -> habitant ... domicile <- loc de degrée n:n sans entité associative adossée doit avoir un nom.
L'association Cli -> habitant ... domicile <- loc de degrée n:n sans entité associative adossée doit avoir un nom court.
Le modèle MCD n'est pas conforme.
============================================================
15:11:29 - Le contrôle de complétude a été démarré pour : Le modèle MCD.
Le modèle MCD est conforme.
============================================================
15:12:05 - MCD - Table de décision
Identifiant naturel NID_Usa_code pour entité : Usage
------------
Condition 1  :  false
Condition 2  :  false
Condition 3  :  false
------------
Règle valide :  6
------------
Action       :  Identifiant naturel correct
------------
============================================================
15:12:05 - MCD - Table de décision
Identifiant naturel NID_Art_code pour entité : Article
------------
Condition 1  :  false
Condition 2  :  false
Condition 3  :  false
------------
Règle valide :  6
------------
Action       :  Identifiant naturel correct
------------
============================================================
15:12:08 - Le contrôle de complétude a été démarré pour : Le modèle MCD.
Le modèle MCD est conforme.
============================================================
15:12:28 - MCD - Table de décision
Identifiant naturel NID_Usa_code pour entité : Usage
------------
Condition 1  :  false
Condition 2  :  false
Condition 3  :  false
------------
Règle valide :  6
------------
Action       :  Identifiant naturel correct
------------
============================================================
15:12:28 - MCD - Table de décision
Identifiant naturel NID_Art_code pour entité : Article
------------
Condition 1  :  false
Condition 2  :  false
Condition 3  :  false
------------
Règle valide :  6
------------
Action       :  Identifiant naturel correct
------------
============================================================
15:12:30 - La transformation en modèle logique a été démarrée pour : Le modèle MCD.
Le contrôle de complétude a été démarré pour : Le modèle MCD.
Le modèle MCD a été transformé.
============================================================
15:12:47 - MCD - Table de décision
Identifiant naturel NID_Usa_code pour entité : Usage
------------
Condition 1  :  false
Condition 2  :  false
Condition 3  :  false
------------
Règle valide :  6
------------
Action       :  Identifiant naturel correct
------------
============================================================
15:12:47 - MCD - Table de décision
Identifiant naturel NID_Art_code pour entité : Article
------------
Condition 1  :  false
Condition 2  :  false
Condition 3  :  false
------------
Règle valide :  6
------------
Action       :  Identifiant naturel correct
------------
============================================================
15:12:49 - La transformation en modèle logique a été démarrée pour : Le modèle MCD.
Le contrôle de complétude a été démarré pour : Le modèle MCD.
Le modèle MCD a été transformé.
============================================================
15:24:27 - MVCCD a été ouvert.
============================================================
15:24:27 - Le projet TestTrois a été ouvert à partir du fichier C:\Users\pasun\Documents\TestTrois.mvccd.
============================================================
15:24:45 - Le projet TestTrois a été fermé.
============================================================
15:24:54 - Le projet CommerceBase a été ouvert à partir du fichier C:\Users\pasun\Documents\CommerceBase_erreursUK.xml.
MCD - Table de décision
Identifiant naturel NID_Usa_code pour entité : Usage
------------
Condition 1  :  false
Condition 2  :  false
Condition 3  :  false
------------
Règle valide :  6
------------
Action       :  Identifiant naturel correct
------------
MCD - Table de décision
Identifiant naturel NID_Art_code pour entité : Article
------------
Condition 1  :  false
Condition 2  :  false
Condition 3  :  false
------------
Règle valide :  6
------------
Action       :  Identifiant naturel correct
------------
============================================================
15:25:07 - La transformation en modèle logique a été démarrée pour : Le modèle MCD.
Le contrôle de complétude a été démarré pour : Le modèle MCD.
L'association Cli -> habitant ... domicile <- loc de degrée n:n sans entité associative adossée doit avoir un nom.
L'association Cli -> habitant ... domicile <- loc de degrée n:n sans entité associative adossée doit avoir un nom court.
Le modèle MCD n'est pas conforme.
Le modèle MCD n'a pas pu être transformé.
MCD - Table de décision
Identifiant naturel NID_Usa_code pour entité : Usage
------------
Condition 1  :  false
Condition 2  :  false
Condition 3  :  false
------------
Règle valide :  6
------------
Action       :  Identifiant naturel correct
------------
MCD - Table de décision
Identifiant naturel NID_Art_code pour entité : Article
------------
Condition 1  :  false
Condition 2  :  false
Condition 3  :  false
------------
Règle valide :  6
------------
Action       :  Identifiant naturel correct
------------
============================================================
15:25:49 - La transformation en modèle logique a été démarrée pour : Le modèle MCD.
Le contrôle de complétude a été démarré pour : Le modèle MCD.
Le modèle MCD a été transformé.
MCD - Table de décision
Identifiant naturel NID_Usa_code pour entité : Usage
------------
Condition 1  :  false
Condition 2  :  false
Condition 3  :  false
------------
Règle valide :  6
------------
Action       :  Identifiant naturel correct
------------
MCD - Table de décision
Identifiant naturel NID_Art_code pour entité : Article
------------
Condition 1  :  false
Condition 2  :  false
Condition 3  :  false
------------
Règle valide :  6
------------
Action       :  Identifiant naturel correct
------------
============================================================
15:32:04 - Le contrôle de complétude a été démarré pour : Le modèle MCD.
Le modèle MCD est conforme.
MCD - Table de décision
Identifiant naturel NID_Usa_code pour entité : Usage
------------
Condition 1  :  false
Condition 2  :  false
Condition 3  :  false
------------
Règle valide :  6
------------
Action       :  Identifiant naturel correct
------------
MCD - Table de décision
Identifiant naturel NID_Art_code pour entité : Article
------------
Condition 1  :  false
Condition 2  :  false
Condition 3  :  false
------------
Règle valide :  6
------------
Action       :  Identifiant naturel correct
------------
============================================================
15:32:21 - Le contrôle de complétude a été démarré pour : Le modèle MCD.
Le modèle MCD est conforme.
============================================================
15:39:05 - MVCCD a été ouvert.
============================================================
15:39:05 - Le projet TestTrois a été ouvert à partir du fichier C:\Users\pasun\Documents\TestTrois.mvccd.
============================================================
15:39:21 - Le projet TestTrois a été fermé.
============================================================
15:39:34 - Le projet CommerceBase a été ouvert à partir du fichier C:\Users\pasun\Documents\CommerceBase_erreursUK.xml.
============================================================
15:39:44 - Le contrôle de conformité a été démarré pour : Le modèle MCD.
MCD - Table de décision
Identifiant naturel NID_Usa_code pour entité : Usage
------------
Condition 1  :  false
Condition 2  :  false
Condition 3  :  false
------------
Règle valide :  6
------------
Action       :  Identifiant naturel correct
------------
MCD - Table de décision
Identifiant naturel NID_Art_code pour entité : Article
------------
Condition 1  :  false
Condition 2  :  false
Condition 3  :  false
------------
Règle valide :  6
------------
Action       :  Identifiant naturel correct
------------
L'association Cli -> habitant ... domicile <- loc de degrée n:n sans entité associative adossée doit avoir un nom.
L'association Cli -> habitant ... domicile <- loc de degrée n:n sans entité associative adossée doit avoir un nom court.
Le modèle MCD n'est pas conforme.
============================================================
15:41:20 - Le projet CommerceBase a été enregistré comme fichier : C:\Users\pasun\Documents\CommerceBase_erreursUK.xml.
============================================================
15:41:36 - La transformation en modèle logique a été démarrée pour : Le modèle MCD.
Le contrôle de conformité a été démarré pour : Le modèle MCD.
MCD - Table de décision
Identifiant naturel NID_Usa_code pour entité : Usage
------------
Condition 1  :  false
Condition 2  :  false
Condition 3  :  false
------------
Règle valide :  6
------------
Action       :  Identifiant naturel correct
------------
MCD - Table de décision
Identifiant naturel NID_Art_code pour entité : Article
------------
Condition 1  :  false
Condition 2  :  false
Condition 3  :  false
------------
Règle valide :  6
------------
Action       :  Identifiant naturel correct
------------
Le modèle MCD a été transformé.
============================================================
15:44:09 - Le projet CommerceBase a été enregistré comme fichier : C:\Users\pasun\Documents\CommerceBase_erreursUK.xml.
============================================================
15:44:11 - MVCCD a été fermé.
============================================================
15:44:18 - MVCCD a été ouvert.
============================================================
15:44:18 - Le projet CommerceBase a été ouvert à partir du fichier C:\Users\pasun\Documents\CommerceBase_erreursUK.xml.
============================================================
15:44:28 - La transformation en modèle logique a été démarrée pour : Le modèle MCD.
Le contrôle de conformité a été démarré pour : Le modèle MCD.
L'association Cli -> habitant ... domicile <- loc n'est pas correctement saisi-e.
Le modèle MCD n'est pas conforme.
Le modèle MCD n'a pas pu être transformé.
============================================================
15:45:27 - La transformation en modèle logique a été démarrée pour : Le modèle MCD.
Le contrôle de conformité a été démarré pour : Le modèle MCD.
MCD - Table de décision
Identifiant naturel NID_Usa_code pour entité : Usage
------------
Condition 1  :  false
Condition 2  :  false
Condition 3  :  false
------------
Règle valide :  6
------------
Action       :  Identifiant naturel correct
------------
MCD - Table de décision
Identifiant naturel NID_Art_code pour entité : Article
------------
Condition 1  :  false
Condition 2  :  false
Condition 3  :  false
------------
Règle valide :  6
------------
Action       :  Identifiant naturel correct
------------
Le modèle MCD est conforme.
La table Client a été supprimée car sa contrainte de clé primaire est erronée ou manquante.
La table Usage a été supprimée car sa contrainte de clé primaire est erronée ou manquante.
La table LigneCommande a été supprimée car sa contrainte de clé primaire est erronée ou manquante.
La table Cli_hab_domic_loc a été supprimée car sa contrainte de clé primaire est erronée ou manquante.
Le modèle MCD a été transformé.
============================================================
15:47:29 - La transformation en modèle logique a été démarrée pour : Le modèle MCD.
Le contrôle de conformité a été démarré pour : Le modèle MCD.
MCD - Table de décision
Identifiant naturel NID_Usa_code pour entité : Usage
------------
Condition 1  :  false
Condition 2  :  false
Condition 3  :  false
------------
Règle valide :  6
------------
Action       :  Identifiant naturel correct
------------
MCD - Table de décision
Identifiant naturel NID_Art_code pour entité : Article
------------
Condition 1  :  false
Condition 2  :  false
Condition 3  :  false
------------
Règle valide :  6
------------
Action       :  Identifiant naturel correct
------------
Le modèle MCD est conforme.
Le modèle MCD a été transformé.
